TN:
SF:src/button/button.tsx
FNF:0
FNH:0
DA:1,1
DA:2,1
DA:3,1
DA:4,1
DA:5,1
DA:6,1
DA:7,1
DA:8,5
DA:9,5
DA:10,5
DA:11,5
DA:12,5
DA:13,5
DA:14,5
DA:15,5
DA:16,5
DA:17,0
DA:18,0
DA:19,0
DA:20,5
DA:21,5
DA:22,5
DA:23,5
DA:24,5
DA:25,5
DA:26,5
DA:27,1
DA:28,1
DA:29,1
LF:29
LH:26
BRDA:7,0,0,5
BRF:1
BRH:1
end_of_record
TN:
SF:src/button/index.ts
FNF:0
FNH:0
DA:1,1
DA:2,1
DA:3,1
DA:4,1
DA:5,1
DA:6,1
LF:6
LH:6
BRF:0
BRH:0
end_of_record
TN:
SF:src/card/card.tsx
FN:7,CheckboxWithLabel
FN:10,onChange
FNF:2
FNH:2
FNDA:2,CheckboxWithLabel
FNDA:1,onChange
DA:1,1
DA:2,1
DA:3,1
DA:4,1
DA:5,1
DA:6,1
DA:7,2
DA:8,2
DA:9,2
DA:10,2
DA:11,1
DA:12,2
DA:13,2
DA:14,2
DA:15,2
DA:16,2
DA:17,2
DA:18,2
DA:19,2
DA:20,2
LF:20
LH:20
BRDA:7,0,0,2
BRDA:17,1,0,1
BRDA:17,2,0,1
BRDA:10,3,0,1
BRF:4
BRH:4
end_of_record
